<?xml version="1.0" encoding="UTF-8"?>
<!-- Generated by org.testng.reporters.JUnitReportReporter -->
<testsuite hostname="LAPTOP-DFKD0CGK" failures="0" tests="4" name="HomePageTestCases.RiskPageTestCases" time="123.979" errors="0" timestamp="2021-09-01T18:51:36 IST" skipped="0">
  <testcase classname="HomePageTestCases.RiskPageTestCases" name="Homepage" time="8.864"/>
  <system-out/>
  <testcase classname="HomePageTestCases.RiskPageTestCases" name="openProject" time="7.549"/>
  <system-out/>
  <testcase classname="HomePageTestCases.RiskPageTestCases" name="SaveButtonWithValidData" time="46.255"/>
  <system-out/>
  <testcase classname="HomePageTestCases.RiskPageTestCases" name="SaveButtonWithInValidData" time="61.311"/>
  <system-out/>
</testsuite> <!-- HomePageTestCases.RiskPageTestCases -->
